object frmRptGuests: TfrmRptGuests
  Left = 0
  Top = 0
  Caption = 'Guests'
  ClientHeight = 564
  ClientWidth = 1121
  Color = clBtnFace
  Constraints.MinWidth = 970
  Font.Charset = DEFAULT_CHARSET
  Font.Color = clWindowText
  Font.Height = -11
  Font.Name = 'Tahoma'
  Font.Style = []
  OldCreateOrder = False
  Position = poDesigned
  OnCreate = FormCreate
  OnDestroy = FormDestroy
  OnShow = FormShow
  PixelsPerInch = 96
  TextHeight = 13
  object Panel3: TsPanel
    Left = 0
    Top = 0
    Width = 1121
    Height = 89
    Align = alTop
    TabOrder = 0
    SkinData.SkinSection = 'PANEL'
    DesignSize = (
      1121
      89)
    object __labLocationsList: TsLabel
      Left = 426
      Top = 15
      Width = 11
      Height = 13
      Caption = 'All'
    end
    object labLocations: TsLabel
      AlignWithMargins = True
      Left = 272
      Top = 15
      Width = 148
      Height = 13
      Alignment = taRightJustify
      AutoSize = False
      Caption = 'Locations :'
    end
    object cLabFilter: TsLabel
      Left = 245
      Top = 41
      Width = 31
      Height = 13
      Alignment = taRightJustify
      Caption = 'Filter :'
      ParentFont = False
      Font.Charset = DEFAULT_CHARSET
      Font.Color = clBlack
      Font.Height = -11
      Font.Name = 'Tahoma'
      Font.Style = []
    end
    object btnClear: TsSpeedButton
      Left = 453
      Top = 39
      Width = 56
      Height = 21
      Caption = 'Clear'
      OnClick = btnClearClick
      SkinData.SkinSection = 'SPEEDBUTTON'
      ImageIndex = 10
      Images = DImages.PngImageList1
    end
    object labRecordCount: TsLabel
      Left = 474
      Top = 68
      Width = 4
      Height = 13
      Caption = '-'
      ParentFont = False
      Font.Charset = DEFAULT_CHARSET
      Font.Color = clBlack
      Font.Height = -11
      Font.Name = 'Tahoma'
      Font.Style = []
    end
    object btnRefresh: TsButton
      Left = 244
      Top = 8
      Width = 100
      Height = 25
      Caption = 'Refresh'
      Default = True
      ImageIndex = 28
      Images = DImages.PngImageList1
      TabOrder = 0
      OnClick = btnRefreshClick
      SkinData.SkinSection = 'BUTTON'
    end
    object gbxSelectDates: TsGroupBox
      Left = 8
      Top = 2
      Width = 230
      Height = 81
      Caption = 'Select Dates'
      TabOrder = 1
      SkinData.SkinSection = 'GROUPBOX'
      object LMDSimpleLabel1: TsLabel
        Left = 37
        Top = 15
        Width = 55
        Height = 13
        Alignment = taRightJustify
        Caption = 'Date from :'
        ParentFont = False
        Font.Charset = DEFAULT_CHARSET
        Font.Color = clBlack
        Font.Height = -11
        Font.Name = 'Tahoma'
        Font.Style = []
      end
      object LMDSimpleLabel2: TsLabel
        Left = 49
        Top = 38
        Width = 43
        Height = 13
        Alignment = taRightJustify
        Caption = 'Date to :'
        ParentFont = False
        Font.Charset = DEFAULT_CHARSET
        Font.Color = clBlack
        Font.Height = -11
        Font.Name = 'Tahoma'
        Font.Style = []
      end
      object dtDate: TsDateEdit
        Left = 98
        Top = 12
        Width = 121
        Height = 21
        AutoSize = False
        Color = clWhite
        EditMask = '!99/99/9999;1; '
        Font.Charset = DEFAULT_CHARSET
        Font.Color = 2302755
        Font.Height = -11
        Font.Name = 'Tahoma'
        Font.Style = []
        MaxLength = 10
        ParentFont = False
        TabOrder = 0
        Text = '25-12-2012'
        BoundLabel.Indent = 0
        BoundLabel.Font.Charset = DEFAULT_CHARSET
        BoundLabel.Font.Color = clWindowText
        BoundLabel.Font.Height = -11
        BoundLabel.Font.Name = 'Tahoma'
        BoundLabel.Font.Style = []
        BoundLabel.Layout = sclLeft
        BoundLabel.MaxWidth = 0
        BoundLabel.UseSkinColor = True
        SkinData.SkinSection = 'EDIT'
        GlyphMode.Blend = 0
        GlyphMode.Grayed = False
        Date = 41268.000000000000000000
      end
      object dtDateTo: TsDateEdit
        Left = 98
        Top = 35
        Width = 121
        Height = 21
        AutoSize = False
        Color = clWhite
        EditMask = '!99/99/9999;1; '
        Font.Charset = DEFAULT_CHARSET
        Font.Color = 2302755
        Font.Height = -11
        Font.Name = 'Tahoma'
        Font.Style = []
        MaxLength = 10
        ParentFont = False
        TabOrder = 1
        Text = '25-12-2012'
        BoundLabel.Indent = 0
        BoundLabel.Font.Charset = DEFAULT_CHARSET
        BoundLabel.Font.Color = clWindowText
        BoundLabel.Font.Height = -11
        BoundLabel.Font.Name = 'Tahoma'
        BoundLabel.Font.Style = []
        BoundLabel.Layout = sclLeft
        BoundLabel.MaxWidth = 0
        BoundLabel.UseSkinColor = True
        SkinData.SkinSection = 'EDIT'
        GlyphMode.Blend = 0
        GlyphMode.Grayed = False
        Date = 41268.000000000000000000
      end
    end
    object edFilter: TsEdit
      Left = 282
      Top = 39
      Width = 166
      Height = 21
      Color = clWhite
      Font.Charset = DEFAULT_CHARSET
      Font.Color = 2302755
      Font.Height = -11
      Font.Name = 'Tahoma'
      Font.Style = []
      ParentFont = False
      TabOrder = 2
      OnChange = edFilterChange
      SkinData.SkinSection = 'EDIT'
      BoundLabel.Indent = 0
      BoundLabel.Font.Charset = DEFAULT_CHARSET
      BoundLabel.Font.Color = clWindowText
      BoundLabel.Font.Height = -11
      BoundLabel.Font.Name = 'Tahoma'
      BoundLabel.Font.Style = []
      BoundLabel.Layout = sclLeft
      BoundLabel.MaxWidth = 0
      BoundLabel.UseSkinColor = True
    end
    object chkOneday: TsCheckBox
      Left = 23
      Top = 59
      Width = 61
      Height = 20
      Caption = 'One day'
      Checked = True
      State = cbChecked
      TabOrder = 3
      OnClick = chkOnedayClick
      SkinData.SkinSection = 'CHECKBOX'
      ImgChecked = 0
      ImgUnchecked = 0
    end
    object gbxUseStatusOfRooms: TsGroupBox
      Left = 812
      Top = 9
      Width = 300
      Height = 74
      Anchors = [akTop, akRight]
      Caption = 'Use Room with status of : '
      TabOrder = 4
      SkinData.SkinSection = 'GROUPBOX'
      object chkExcluteWaitingList: TsCheckBox
        Left = 14
        Top = 17
        Width = 69
        Height = 20
        Caption = 'Waitinglist'
        Checked = True
        State = cbChecked
        TabOrder = 0
        SkinData.SkinSection = 'CHECKBOX'
        ImgChecked = 0
        ImgUnchecked = 0
      end
      object chkExcluteAlotment: TsCheckBox
        Left = 14
        Top = 34
        Width = 65
        Height = 20
        Caption = 'Allotment'
        Checked = True
        State = cbChecked
        TabOrder = 1
        SkinData.SkinSection = 'CHECKBOX'
        ImgChecked = 0
        ImgUnchecked = 0
      end
      object chkExcluteOrder: TsCheckBox
        Left = 134
        Top = 52
        Width = 75
        Height = 20
        Caption = 'Not Arrived'
        Checked = True
        State = cbChecked
        TabOrder = 2
        SkinData.SkinSection = 'CHECKBOX'
        ImgChecked = 0
        ImgUnchecked = 0
      end
      object chkExcluteNoShow: TsCheckBox
        Left = 14
        Top = 52
        Width = 61
        Height = 20
        Caption = 'No show'
        Checked = True
        State = cbChecked
        TabOrder = 6
        SkinData.SkinSection = 'CHECKBOX'
        ImgChecked = 0
        ImgUnchecked = 0
      end
      object chkExcluteDeparted: TsCheckBox
        Left = 134
        Top = 17
        Width = 65
        Height = 20
        Caption = 'Departed'
        Checked = True
        State = cbChecked
        TabOrder = 3
        SkinData.SkinSection = 'CHECKBOX'
        ImgChecked = 0
        ImgUnchecked = 0
      end
      object chkExcluteBlocked: TsCheckBox
        Left = 228
        Top = 34
        Width = 56
        Height = 20
        Caption = 'Blocked'
        TabOrder = 5
        SkinData.SkinSection = 'CHECKBOX'
        ImgChecked = 0
        ImgUnchecked = 0
      end
      object chkExcluteGuest: TsCheckBox
        Left = 134
        Top = 34
        Width = 48
        Height = 20
        Caption = 'Guest'
        Checked = True
        State = cbChecked
        TabOrder = 4
        SkinData.SkinSection = 'CHECKBOX'
        ImgChecked = 0
        ImgUnchecked = 0
      end
      object chkExcluteCANCELED: TsCheckBox
        Left = 228
        Top = 17
        Width = 64
        Height = 20
        Caption = 'Canceled'
        TabOrder = 7
        SkinData.SkinSection = 'CHECKBOX'
        ImgChecked = 0
        ImgUnchecked = 0
      end
    end
    object rgrShow: TsRadioGroup
      Left = 659
      Top = 9
      Width = 147
      Height = 74
      Anchors = [akTop, akRight]
      Caption = 'Select'
      TabOrder = 5
      OnClick = rgrShowClick
      SkinData.SkinSection = 'GROUPBOX'
      ItemIndex = 2
      Items.Strings = (
        'All Guests'
        'Just Named Guests'
        'Just Main Guests')
    end
    object chkGroup: TsCheckBox
      Left = 282
      Top = 66
      Width = 122
      Height = 20
      Caption = 'Group by reservation'
      TabOrder = 6
      OnClick = chkGroupClick
      SkinData.SkinSection = 'CHECKBOX'
      ImgChecked = 0
      ImgUnchecked = 0
    end
  end
  object Panel5: TsPanel
    Left = 0
    Top = 89
    Width = 1121
    Height = 32
    Align = alTop
    TabOrder = 1
    SkinData.SkinSection = 'PANEL'
    object btnExcel: TsButton
      Left = 10
      Top = 2
      Width = 100
      Height = 25
      Caption = 'Excel'
      ImageIndex = 132
      Images = DImages.PngImageList1
      TabOrder = 0
      OnClick = btnExcelClick
      SkinData.SkinSection = 'BUTTON'
    end
    object btnReport: TsButton
      Left = 988
      Top = 4
      Width = 100
      Height = 25
      Caption = 'Report'
      ImageIndex = 72
      Images = DImages.PngImageList1
      TabOrder = 1
      Visible = False
      SkinData.SkinSection = 'BUTTON'
    end
    object btnReservation: TsButton
      Left = 114
      Top = 2
      Width = 110
      Height = 25
      Caption = 'Reservation'
      ImageIndex = 56
      Images = DImages.PngImageList1
      TabOrder = 2
      OnClick = btnReservationClick
      SkinData.SkinSection = 'BUTTON'
    end
    object sButton1: TsButton
      Left = 227
      Top = 2
      Width = 110
      Height = 25
      Caption = 'Notes'
      ImageIndex = 94
      Images = DImages.PngImageList1
      TabOrder = 3
      OnClick = sButton1Click
      SkinData.SkinSection = 'BUTTON'
    end
    object btnExpand: TsButton
      Left = 368
      Top = 3
      Width = 110
      Height = 25
      Caption = 'Expand'
      ImageIndex = 94
      TabOrder = 4
      Visible = False
      OnClick = btnExpandClick
      SkinData.SkinSection = 'BUTTON'
    end
    object btnCollapse: TsButton
      Left = 486
      Top = 3
      Width = 110
      Height = 25
      Caption = 'Collapse'
      ImageIndex = 94
      TabOrder = 5
      Visible = False
      OnClick = btnCollapseClick
      SkinData.SkinSection = 'BUTTON'
    end
  end
  object dxStatusBar1: TdxStatusBar
    Left = 0
    Top = 544
    Width = 1121
    Height = 20
    Panels = <>
    Font.Charset = DEFAULT_CHARSET
    Font.Color = clWindowText
    Font.Height = -11
    Font.Name = 'Tahoma'
    Font.Style = []
  end
  object cxGrid1: TcxGrid
    Left = 1088
    Top = 584
    Width = 250
    Height = 200
    TabOrder = 3
    object cxGrid1DBTableView1: TcxGridDBTableView
      Navigator.Buttons.CustomButtons = <>
      DataController.Summary.DefaultGroupSummaryItems = <>
      DataController.Summary.FooterSummaryItems = <>
      DataController.Summary.SummaryGroups = <>
    end
    object cxGrid1Level1: TcxGridLevel
      GridView = cxGrid1DBTableView1
    end
  end
  object sPageControl1: TsPageControl
    Left = 0
    Top = 121
    Width = 1121
    Height = 423
    ActivePage = sTabSheet2
    Align = alClient
    TabOrder = 4
    SkinData.SkinSection = 'PAGECONTROL'
    object sTabSheet1: TsTabSheet
      Caption = 'sTabSheet1'
      SkinData.CustomColor = False
      SkinData.CustomFont = False
      object grGuests: TcxGrid
        Left = 0
        Top = 0
        Width = 1113
        Height = 395
        Align = alClient
        TabOrder = 0
        LookAndFeel.NativeStyle = False
        object tvGuests: TcxGridDBBandedTableView
          Navigator.Buttons.CustomButtons = <>
          DataController.Summary.DefaultGroupSummaryItems = <>
          DataController.Summary.FooterSummaryItems = <>
          DataController.Summary.SummaryGroups = <>
          OptionsData.Appending = True
          OptionsData.Deleting = False
          OptionsData.DeletingConfirmation = False
          OptionsData.Editing = False
          OptionsView.HeaderAutoHeight = True
          Bands = <
            item
              Caption = 'Main'
              FixedKind = fkLeft
              Width = 1043
            end
            item
              Caption = 'Guest'
            end
            item
              Caption = 'Room'
            end
            item
              Caption = 'Customer'
            end
            item
              Caption = 'Reservation'
            end
            item
              Caption = 'Extra'
            end>
          object tvGuestsBookingId: TcxGridDBBandedColumn
            Caption = 'Booking Id'
            DataBinding.FieldName = 'BookingId'
            Width = 97
            Position.BandIndex = 0
            Position.ColIndex = 0
            Position.RowIndex = 0
          end
          object tvGuestsArrival: TcxGridDBBandedColumn
            DataBinding.FieldName = 'Arrival'
            Width = 86
            Position.BandIndex = 0
            Position.ColIndex = 1
            Position.RowIndex = 0
          end
          object tvGuestsDeparture: TcxGridDBBandedColumn
            DataBinding.FieldName = 'Departure'
            Width = 83
            Position.BandIndex = 0
            Position.ColIndex = 2
            Position.RowIndex = 0
          end
          object tvGuestsroom: TcxGridDBBandedColumn
            Caption = 'Room'
            DataBinding.FieldName = 'room'
            Width = 65
            Position.BandIndex = 0
            Position.ColIndex = 3
            Position.RowIndex = 0
          end
          object tvGuestsroomtype: TcxGridDBBandedColumn
            Caption = 'Room type'
            DataBinding.FieldName = 'roomtype'
            Width = 67
            Position.BandIndex = 0
            Position.ColIndex = 4
            Position.RowIndex = 0
          end
          object tvGuestsStatusText: TcxGridDBBandedColumn
            Caption = 'Status'
            DataBinding.FieldName = 'StatusText'
            Width = 98
            Position.BandIndex = 0
            Position.ColIndex = 5
            Position.RowIndex = 0
          end
          object tvGuestsGuestName: TcxGridDBBandedColumn
            Caption = 'Guest'
            DataBinding.FieldName = 'GuestName'
            Width = 106
            Position.BandIndex = 0
            Position.ColIndex = 6
            Position.RowIndex = 0
          end
          object tvGuestsReservationName: TcxGridDBBandedColumn
            Caption = 'Reservation'
            DataBinding.FieldName = 'ReservationName'
            Width = 104
            Position.BandIndex = 0
            Position.ColIndex = 7
            Position.RowIndex = 0
          end
          object tvGuestsCurrency: TcxGridDBBandedColumn
            DataBinding.FieldName = 'Currency'
            Width = 55
            Position.BandIndex = 0
            Position.ColIndex = 8
            Position.RowIndex = 0
          end
          object tvGuestsAverageRate: TcxGridDBBandedColumn
            Caption = 'Avrage rate'
            DataBinding.FieldName = 'AverageRate'
            OnGetProperties = tvGuestsTotalStayRateGetProperties
            Width = 63
            Position.BandIndex = 0
            Position.ColIndex = 10
            Position.RowIndex = 0
          end
          object tvGuestsNumDays: TcxGridDBBandedColumn
            Caption = 'Nights'
            DataBinding.FieldName = 'NumDays'
            Visible = False
            Width = 24
            Position.BandIndex = 0
            Position.ColIndex = 12
            Position.RowIndex = 0
          end
          object tvGuestsTotalStayRate: TcxGridDBBandedColumn
            Caption = 'Total stay rate'
            DataBinding.FieldName = 'TotalStayRate'
            OnGetProperties = tvGuestsTotalStayRateGetProperties
            Width = 79
            Position.BandIndex = 0
            Position.ColIndex = 11
            Position.RowIndex = 0
          end
          object tvGuestsCurrencyRate: TcxGridDBBandedColumn
            Caption = 'Currency rate'
            DataBinding.FieldName = 'CurrencyRate'
            OnGetProperties = tvGuestsCurrencyRateGetProperties
            Width = 62
            Position.BandIndex = 0
            Position.ColIndex = 9
            Position.RowIndex = 0
          end
          object tvGuestsTotalStayRateNative: TcxGridDBBandedColumn
            Caption = 'Total Stay'
            DataBinding.FieldName = 'TotalStayRateNative'
            OnGetProperties = tvGuestsCurrencyRateGetProperties
            Width = 78
            Position.BandIndex = 0
            Position.ColIndex = 13
            Position.RowIndex = 0
          end
          object tvGuestsisMain: TcxGridDBBandedColumn
            DataBinding.FieldName = 'isMain'
            Visible = False
            Position.BandIndex = 1
            Position.ColIndex = 0
            Position.RowIndex = 0
          end
          object tvGuestsBreakfast: TcxGridDBBandedColumn
            DataBinding.FieldName = 'Breakfast'
            Width = 36
            Position.BandIndex = 1
            Position.ColIndex = 1
            Position.RowIndex = 0
          end
          object tvGuestsemail: TcxGridDBBandedColumn
            Caption = 'Email'
            DataBinding.FieldName = 'email'
            Width = 100
            Position.BandIndex = 1
            Position.ColIndex = 2
            Position.RowIndex = 0
          end
          object tvGuestsLocationDescription: TcxGridDBBandedColumn
            Caption = 'Location'
            DataBinding.FieldName = 'LocationDescription'
            Width = 100
            Position.BandIndex = 2
            Position.ColIndex = 1
            Position.RowIndex = 0
          end
          object tvGuestsfloor: TcxGridDBBandedColumn
            Caption = 'Floor'
            DataBinding.FieldName = 'floor'
            Width = 30
            Position.BandIndex = 2
            Position.ColIndex = 0
            Position.RowIndex = 0
          end
          object tvGuestsRoomDescription: TcxGridDBBandedColumn
            Caption = 'Room Description'
            DataBinding.FieldName = 'RoomDescription'
            Width = 100
            Position.BandIndex = 2
            Position.ColIndex = 2
            Position.RowIndex = 0
          end
          object tvGuestsmarketSegmentDescription: TcxGridDBBandedColumn
            Caption = 'Market'
            DataBinding.FieldName = 'marketSegmentDescription'
            Width = 100
            Position.BandIndex = 2
            Position.ColIndex = 3
            Position.RowIndex = 0
          end
          object tvGuestscustomer: TcxGridDBBandedColumn
            Caption = 'Customer'
            DataBinding.FieldName = 'customer'
            Width = 71
            Position.BandIndex = 3
            Position.ColIndex = 1
            Position.RowIndex = 0
          end
          object tvGuestsPersonalID: TcxGridDBBandedColumn
            DataBinding.FieldName = 'PersonalID'
            Visible = False
            Width = 119
            Position.BandIndex = 3
            Position.ColIndex = 2
            Position.RowIndex = 0
          end
          object tvGuestsCustomerName: TcxGridDBBandedColumn
            Caption = 'Customer Name'
            DataBinding.FieldName = 'CustomerName'
            Width = 142
            Position.BandIndex = 3
            Position.ColIndex = 0
            Position.RowIndex = 0
          end
          object tvGuestsRoomCount: TcxGridDBBandedColumn
            DataBinding.FieldName = 'RoomCount'
            Position.BandIndex = 4
            Position.ColIndex = 0
            Position.RowIndex = 0
          end
          object tvGuestsAdults: TcxGridDBBandedColumn
            DataBinding.FieldName = 'Adults'
            Width = 50
            Position.BandIndex = 4
            Position.ColIndex = 1
            Position.RowIndex = 0
          end
          object tvGuestsChildren: TcxGridDBBandedColumn
            DataBinding.FieldName = 'Children'
            Width = 50
            Position.BandIndex = 4
            Position.ColIndex = 2
            Position.RowIndex = 0
          end
          object tvGuestsInfants: TcxGridDBBandedColumn
            DataBinding.FieldName = 'Infants'
            Width = 50
            Position.BandIndex = 4
            Position.ColIndex = 3
            Position.RowIndex = 0
          end
          object tvGuestsRvGuestCount: TcxGridDBBandedColumn
            DataBinding.FieldName = 'RvGuestCount'
            Visible = False
            Position.BandIndex = 4
            Position.ColIndex = 4
            Position.RowIndex = 0
          end
          object tvGuestsRRGuestCount: TcxGridDBBandedColumn
            Caption = 'Room Guests'
            DataBinding.FieldName = 'RRGuestCount'
            Visible = False
            Position.BandIndex = 4
            Position.ColIndex = 5
            Position.RowIndex = 0
          end
          object tvGuestschannel: TcxGridDBBandedColumn
            Caption = 'Channel'
            DataBinding.FieldName = 'channel'
            Position.BandIndex = 4
            Position.ColIndex = 6
            Position.RowIndex = 0
          end
          object tvGuestsresInfo: TcxGridDBBandedColumn
            Caption = 'Res info'
            DataBinding.FieldName = 'resInfo'
            Width = 100
            Position.BandIndex = 4
            Position.ColIndex = 7
            Position.RowIndex = 0
          end
          object tvGuestsReservation: TcxGridDBBandedColumn
            Caption = 'Res Id'
            DataBinding.FieldName = 'Reservation'
            Width = 25
            Position.BandIndex = 4
            Position.ColIndex = 8
            Position.RowIndex = 0
          end
          object tvGuestsRoomReservation: TcxGridDBBandedColumn
            Caption = 'Room Res'
            DataBinding.FieldName = 'RoomReservation'
            Width = 50
            Position.BandIndex = 4
            Position.ColIndex = 9
            Position.RowIndex = 0
          end
        end
        object lvGuests: TcxGridLevel
          GridView = tvGuests
        end
      end
    end
    object sTabSheet2: TsTabSheet
      Caption = 'sTabSheet2'
      SkinData.CustomColor = False
      SkinData.CustomFont = False
      object DBGrid1: TDBGrid
        Left = 0
        Top = 0
        Width = 1113
        Height = 395
        Align = alClient
        DataSource = GuestsDS
        TabOrder = 0
        TitleFont.Charset = DEFAULT_CHARSET
        TitleFont.Color = clWindowText
        TitleFont.Height = -11
        TitleFont.Name = 'Tahoma'
        TitleFont.Style = []
      end
    end
  end
  object FormStore: TcxPropertiesStore
    Components = <
      item
        Component = Owner
        Properties.Strings = (
          'Height'
          'Left'
          'Position'
          'Top'
          'Width')
      end>
    StorageName = 'Software\Roomer\FormStatus\rptGuests'
    StorageType = stRegistry
    Left = 158
    Top = 336
  end
  object GuestsDS: TDataSource
    DataSet = mGuests
    Left = 680
    Top = 320
  end
  object TimStart: TTimer
    Enabled = False
    Interval = 500
    OnTimer = timStartTimer
    Left = 392
    Top = 448
  end
  object mGuests: TdxMemData
    Active = True
    Indexes = <>
    SortOptions = []
    Left = 720
    Top = 360
    object mGuestsRoomReservation: TIntegerField
      FieldName = 'RoomReservation'
    end
    object mGuestsReservation: TIntegerField
      FieldName = 'Reservation'
    end
    object mGuestsReservationName: TWideStringField
      FieldName = 'ReservationName'
      Size = 200
    end
    object mGuestsArrival: TDateTimeField
      FieldName = 'Arrival'
    end
    object mGuestsDeparture: TDateTimeField
      FieldName = 'Departure'
    end
    object mGuestsAdults: TIntegerField
      FieldName = 'Adults'
    end
    object mGuestsChildren: TIntegerField
      FieldName = 'Children'
    end
    object mGuestsInfants: TIntegerField
      FieldName = 'Infants'
    end
    object mGuestsCurrencyRate: TFloatField
      FieldName = 'CurrencyRate'
    end
    object mGuestsNumDays: TIntegerField
      FieldName = 'NumDays'
    end
    object mGuestsTotalStayRate: TFloatField
      FieldName = 'TotalStayRate'
    end
    object mGuestsroom: TWideStringField
      FieldName = 'room'
      Size = 30
    end
    object mGuestsroomtype: TWideStringField
      DisplayWidth = 30
      FieldName = 'roomtype'
      Size = 30
    end
    object mGuestscustomer: TWideStringField
      FieldName = 'customer'
      Size = 30
    end
    object mGuestsPersonalID: TWideStringField
      FieldName = 'PersonalID'
    end
    object mGuestsCustomerName: TWideStringField
      FieldName = 'CustomerName'
      Size = 200
    end
    object mGuestsBreakfast: TBooleanField
      FieldName = 'Breakfast'
    end
    object mGuestsRoomDescription: TWideStringField
      FieldName = 'RoomDescription'
      Size = 200
    end
    object mGuestsfloor: TIntegerField
      FieldName = 'floor'
    end
    object mGuestsLocationDescription: TWideStringField
      FieldName = 'LocationDescription'
      Size = 200
    end
    object mGuestsmarketSegmentDescription: TWideStringField
      FieldName = 'marketSegmentDescription'
      Size = 100
    end
    object mGuestsemail: TWideStringField
      FieldName = 'email'
      Size = 200
    end
    object mGuestsStatusText: TWideStringField
      FieldName = 'StatusText'
      Size = 100
    end
    object mGuestsresInfo: TWideStringField
      FieldName = 'resInfo'
      Size = 200
    end
    object mGuestsRoomCount: TIntegerField
      FieldName = 'RoomCount'
    end
    object mGuestsRvGuestCount: TIntegerField
      FieldName = 'RvGuestCount'
    end
    object mGuestsRRGuestCount: TIntegerField
      FieldName = 'RRGuestCount'
    end
    object mGuestsGuestName: TStringField
      FieldName = 'GuestName'
      Size = 150
    end
    object mGuestsisMain: TBooleanField
      FieldName = 'isMain'
    end
    object mGuestschannel: TWideStringField
      FieldName = 'channel'
      Size = 30
    end
    object mGuestsBookingId: TWideStringField
      FieldName = 'BookingId'
      Size = 30
    end
    object mGuestsTotalStayRateNative: TFloatField
      FieldName = 'TotalStayRateNative'
    end
    object mGuestsAverageRate: TFloatField
      FieldName = 'AverageRate'
    end
    object mGuestsCurrency: TStringField
      FieldName = 'Currency'
    end
  end
end
